<?xml version="1.0" encoding="UTF-8"?>
<testng-results skipped="0" failed="1" ignored="0" total="3" passed="2">
  <reporter-output>
  </reporter-output>
  <suite name="FirstTestSuite" duration-ms="102597" started-at="2018-11-17T07:49:30Z" finished-at="2018-11-17T07:51:13Z">
    <groups>
      <group name="negative">
        <method signature="TestLogin.negativeLoginTest(java.util.Map)[pri:2, instance:com.iaf.test.TestLogin@2ef9b8bc]" name="negativeLoginTest" class="com.iaf.test.TestLogin"/>
      </group> <!-- negative -->
      <group name="positive">
        <method signature="TestLogin.positiveLoginTest()[pri:1, instance:com.iaf.test.TestLogin@2ef9b8bc]" name="positiveLoginTest" class="com.iaf.test.TestLogin"/>
      </group> <!-- positive -->
    </groups>
    <test name="LoginTest-CH" duration-ms="102597" started-at="2018-11-17T07:49:30Z" finished-at="2018-11-17T07:51:13Z">
      <class name="com.iaf.test.TestLogin">
        <test-method status="PASS" signature="setEnv(java.lang.String)[pri:0, instance:com.iaf.test.TestLogin@2ef9b8bc]" name="setEnv" is-config="true" duration-ms="425" started-at="2018-11-17T13:19:30Z" finished-at="2018-11-17T13:19:31Z">
          <params>
            <param index="0">
              <value>
                <![CDATA[chrome]]>
              </value>
            </param>
          </params>
          <reporter-output>
          </reporter-output>
        </test-method> <!-- setEnv -->
        <test-method status="PASS" signature="setUpClass(org.testng.ITestContext)[pri:0, instance:com.iaf.test.TestLogin@2ef9b8bc]" name="setUpClass" is-config="true" duration-ms="0" started-at="2018-11-17T13:19:31Z" finished-at="2018-11-17T13:19:31Z">
          <params>
            <param index="0">
              <value>
                <![CDATA[org.testng.TestRunner@51081592]]>
              </value>
            </param>
          </params>
          <reporter-output>
          </reporter-output>
        </test-method> <!-- setUpClass -->
        <test-method status="PASS" signature="setUp(java.lang.String)[pri:0, instance:com.iaf.test.TestLogin@2ef9b8bc]" name="setUp" is-config="true" duration-ms="6897" started-at="2018-11-17T13:19:31Z" finished-at="2018-11-17T13:19:37Z">
          <params>
            <param index="0">
              <value>
                <![CDATA[chrome]]>
              </value>
            </param>
          </params>
          <reporter-output>
          </reporter-output>
        </test-method> <!-- setUp -->
        <test-method status="FAIL" signature="positiveLoginTest()[pri:1, instance:com.iaf.test.TestLogin@2ef9b8bc]" name="positiveLoginTest" duration-ms="33785" started-at="2018-11-17T13:19:37Z" finished-at="2018-11-17T13:20:11Z">
          <exception class="java.lang.AssertionError">
            <message>
              <![CDATA[The following asserts failed:
	Profile Name is not as Expected expected [true] but found [false]]]>
            </message>
            <full-stacktrace>
              <![CDATA[java.lang.AssertionError: The following asserts failed:
	Profile Name is not as Expected expected [true] but found [false]
	at org.testng.asserts.SoftAssert.assertAll(SoftAssert.java:43)
	at com.iaf.test.TestLogin.positiveLoginTest(TestLogin.java:39)
	at sun.reflect.NativeMethodAccessorImpl.invoke0(Native Method)
	at sun.reflect.NativeMethodAccessorImpl.invoke(NativeMethodAccessorImpl.java:62)
	at sun.reflect.DelegatingMethodAccessorImpl.invoke(DelegatingMethodAccessorImpl.java:43)
	at java.lang.reflect.Method.invoke(Method.java:498)
	at org.testng.internal.MethodInvocationHelper.invokeMethod(MethodInvocationHelper.java:108)
	at org.testng.internal.Invoker.invokeMethod(Invoker.java:661)
	at org.testng.internal.Invoker.invokeTestMethod(Invoker.java:869)
	at org.testng.internal.Invoker.invokeTestMethods(Invoker.java:1193)
	at org.testng.internal.TestMethodWorker.invokeTestMethods(TestMethodWorker.java:126)
	at org.testng.internal.TestMethodWorker.run(TestMethodWorker.java:109)
	at org.testng.TestRunner.privateRun(TestRunner.java:744)
	at org.testng.TestRunner.run(TestRunner.java:602)
	at org.testng.SuiteRunner.runTest(SuiteRunner.java:380)
	at org.testng.SuiteRunner.access$000(SuiteRunner.java:39)
	at org.testng.SuiteRunner$SuiteWorker.run(SuiteRunner.java:414)
	at org.testng.internal.thread.ThreadUtil$1.call(ThreadUtil.java:52)
	at java.util.concurrent.FutureTask.run(FutureTask.java:266)
	at java.util.concurrent.ThreadPoolExecutor.runWorker(ThreadPoolExecutor.java:1142)
	at java.util.concurrent.ThreadPoolExecutor$Worker.run(ThreadPoolExecutor.java:617)
	at java.lang.Thread.run(Thread.java:745)
]]>
            </full-stacktrace>
          </exception> <!-- java.lang.AssertionError -->
          <reporter-output>
          </reporter-output>
        </test-method> <!-- positiveLoginTest -->
        <test-method status="PASS" signature="closeBrowser(org.testng.ITestResult)[pri:0, instance:com.iaf.test.TestLogin@2ef9b8bc]" name="closeBrowser" is-config="true" duration-ms="1702" started-at="2018-11-17T13:20:11Z" finished-at="2018-11-17T13:20:13Z">
          <params>
            <param index="0">
              <value>
                <![CDATA[[TestResult name=positiveLoginTest status=FAILURE method=TestLogin.positiveLoginTest()[pri:1, instance:com.iaf.test.TestLogin@2ef9b8bc] output={null}]]]>
              </value>
            </param>
          </params>
          <reporter-output>
          </reporter-output>
        </test-method> <!-- closeBrowser -->
        <test-method status="PASS" signature="setUp(java.lang.String)[pri:0, instance:com.iaf.test.TestLogin@2ef9b8bc]" name="setUp" is-config="true" duration-ms="5106" started-at="2018-11-17T13:20:13Z" finished-at="2018-11-17T13:20:18Z">
          <params>
            <param index="0">
              <value>
                <![CDATA[chrome]]>
              </value>
            </param>
          </params>
          <reporter-output>
          </reporter-output>
        </test-method> <!-- setUp -->
        <test-method status="PASS" signature="negativeLoginTest(java.util.Map)[pri:2, instance:com.iaf.test.TestLogin@2ef9b8bc]" name="negativeLoginTest" duration-ms="20378" started-at="2018-11-17T13:20:18Z" data-provider="CsvDataProvider" finished-at="2018-11-17T13:20:39Z">
          <params>
            <param index="0">
              <value>
                <![CDATA[{no=1, description=inavlid pssword, password=password, email=dashsany}]]>
              </value>
            </param>
          </params>
          <reporter-output>
          </reporter-output>
        </test-method> <!-- negativeLoginTest -->
        <test-method status="PASS" signature="closeBrowser(org.testng.ITestResult)[pri:0, instance:com.iaf.test.TestLogin@2ef9b8bc]" name="closeBrowser" is-config="true" duration-ms="744" started-at="2018-11-17T13:20:39Z" finished-at="2018-11-17T13:20:39Z">
          <params>
            <param index="0">
              <value>
                <![CDATA[[TestResult name=negativeLoginTest status=SUCCESS method=TestLogin.negativeLoginTest(java.util.Map)[pri:2, instance:com.iaf.test.TestLogin@2ef9b8bc] output={null}]]]>
              </value>
            </param>
          </params>
          <reporter-output>
          </reporter-output>
        </test-method> <!-- closeBrowser -->
        <test-method status="PASS" signature="setUp(java.lang.String)[pri:0, instance:com.iaf.test.TestLogin@2ef9b8bc]" name="setUp" is-config="true" duration-ms="4993" started-at="2018-11-17T13:20:39Z" finished-at="2018-11-17T13:20:44Z">
          <params>
            <param index="0">
              <value>
                <![CDATA[chrome]]>
              </value>
            </param>
          </params>
          <reporter-output>
          </reporter-output>
        </test-method> <!-- setUp -->
        <test-method status="PASS" signature="negativeLoginTest(java.util.Map)[pri:2, instance:com.iaf.test.TestLogin@2ef9b8bc]" name="negativeLoginTest" duration-ms="26599" started-at="2018-11-17T13:20:44Z" data-provider="CsvDataProvider" finished-at="2018-11-17T13:21:11Z">
          <params>
            <param index="0">
              <value>
                <![CDATA[{no=2, description=inavlid pssword, password=password, email=dashsany}]]>
              </value>
            </param>
          </params>
          <reporter-output>
          </reporter-output>
        </test-method> <!-- negativeLoginTest -->
        <test-method status="PASS" signature="closeBrowser(org.testng.ITestResult)[pri:0, instance:com.iaf.test.TestLogin@2ef9b8bc]" name="closeBrowser" is-config="true" duration-ms="771" started-at="2018-11-17T13:21:11Z" finished-at="2018-11-17T13:21:12Z">
          <params>
            <param index="0">
              <value>
                <![CDATA[[TestResult name=negativeLoginTest status=SUCCESS method=TestLogin.negativeLoginTest(java.util.Map)[pri:2, instance:com.iaf.test.TestLogin@2ef9b8bc] output={null}]]]>
              </value>
            </param>
          </params>
          <reporter-output>
          </reporter-output>
        </test-method> <!-- closeBrowser -->
        <test-method status="PASS" signature="endReport()[pri:0, instance:com.iaf.test.TestLogin@2ef9b8bc]" name="endReport" is-config="true" duration-ms="1026" started-at="2018-11-17T13:21:12Z" finished-at="2018-11-17T13:21:13Z">
          <reporter-output>
          </reporter-output>
        </test-method> <!-- endReport -->
      </class> <!-- com.iaf.test.TestLogin -->
    </test> <!-- LoginTest-CH -->
  </suite> <!-- FirstTestSuite -->
</testng-results>
