<?xml version="1.0" encoding="UTF-8"?>
<!-- Generated by org.testng.reporters.JUnitXMLReporter -->
<testsuite hostname="user-PC" ignored="0" name="LoginTest-CH" tests="3" failures="1" timestamp="17 Nov 2018 07:51:13 GMT" time="102.597" errors="0">
  <testcase name="positiveLoginTest" time="33.785" classname="com.iaf.test.TestLogin">
    <failure type="java.lang.AssertionError" message="The following asserts failed:
	Profile Name is not as Expected expected [true] but found [false]">
      <![CDATA[java.lang.AssertionError: The following asserts failed:
	Profile Name is not as Expected expected [true] but found [false]
	at com.iaf.test.TestLogin.positiveLoginTest(TestLogin.java:39)
	at java.util.concurrent.FutureTask.run(FutureTask.java:266)
	at java.util.concurrent.ThreadPoolExecutor.runWorker(ThreadPoolExecutor.java:1142)
	at java.util.concurrent.ThreadPoolExecutor$Worker.run(ThreadPoolExecutor.java:617)
	at java.lang.Thread.run(Thread.java:745)
... Removed 17 stack frames]]>
    </failure>
  </testcase> <!-- positiveLoginTest -->
  <testcase name="negativeLoginTest" time="20.378" classname="com.iaf.test.TestLogin"/>
  <testcase name="negativeLoginTest" time="26.599" classname="com.iaf.test.TestLogin"/>
</testsuite> <!-- LoginTest-CH -->
